This file contains any messages produced by compilers while
running configure, to aid debugging if configure makes a mistake.

It was created by libdbus-c++ configure 0.9.0, which was
generated by GNU Autoconf 2.65.  Invocation command line was

  $ /home/dot2wa2/workspace/libdbus-cplusplus/configure 

## --------- ##
## Platform. ##
## --------- ##

hostname = WA2Z2958
uname -m = x86_64
uname -r = 3.5.0-23-generic
uname -s = Linux
uname -v = #35~precise1-Ubuntu SMP Fri Jan 25 17:13:26 UTC 2013

/usr/bin/uname -p = unknown
/bin/uname -X     = unknown

/bin/arch              = unknown
/usr/bin/arch -k       = unknown
/usr/convex/getsysinfo = unknown
/usr/bin/hostinfo      = unknown
/bin/machine           = unknown
/usr/bin/oslevel       = unknown
/bin/universe          = unknown

PATH: /usr/lib/lightdm/lightdm
PATH: /usr/local/sbin
PATH: /usr/local/bin
PATH: /usr/sbin
PATH: /usr/bin
PATH: /sbin
PATH: /bin
PATH: /usr/games


## ----------- ##
## Core tests. ##
## ----------- ##

configure:2546: checking for a BSD-compatible install
configure:2614: result: /usr/bin/install -c
configure:2625: checking whether build environment is sane
configure:2675: result: yes
configure:2816: checking for a thread-safe mkdir -p
configure:2855: result: /bin/mkdir -p
configure:2868: checking for gawk
configure:2884: found /usr/bin/gawk
configure:2895: result: gawk
configure:2906: checking whether make sets $(MAKE)
configure:2928: result: yes
configure:3016: checking build system type
configure:3030: result: x86_64-unknown-linux-gnu
configure:3050: checking host system type
configure:3063: result: x86_64-unknown-linux-gnu
configure:3146: checking for style of include used by make
configure:3174: result: GNU
configure:3244: checking for gcc
configure:3260: found /usr/bin/gcc
configure:3271: result: gcc
configure:3500: checking for C compiler version
configure:3509: gcc --version >&5
gcc (Ubuntu/Linaro 4.6.3-1ubuntu5) 4.6.3
Copyright (C) 2011 Free Software Foundation, Inc.
This is free software; see the source for copying conditions.  There is NO
warranty; not even for MERCHANTABILITY or FITNESS FOR A PARTICULAR PURPOSE.

configure:3520: $? = 0
configure:3509: gcc -v >&5
Using built-in specs.
COLLECT_GCC=gcc
COLLECT_LTO_WRAPPER=/usr/lib/gcc/x86_64-linux-gnu/4.6/lto-wrapper
Target: x86_64-linux-gnu
Configured with: ../src/configure -v --with-pkgversion='Ubuntu/Linaro 4.6.3-1ubuntu5' --with-bugurl=file:///usr/share/doc/gcc-4.6/README.Bugs --enable-languages=c,c++,fortran,objc,obj-c++ --prefix=/usr --program-suffix=-4.6 --enable-shared --enable-linker-build-id --with-system-zlib --libexecdir=/usr/lib --without-included-gettext --enable-threads=posix --with-gxx-include-dir=/usr/include/c++/4.6 --libdir=/usr/lib --enable-nls --with-sysroot=/ --enable-clocale=gnu --enable-libstdcxx-debug --enable-libstdcxx-time=yes --enable-gnu-unique-object --enable-plugin --enable-objc-gc --disable-werror --with-arch-32=i686 --with-tune=generic --enable-checking=release --build=x86_64-linux-gnu --host=x86_64-linux-gnu --target=x86_64-linux-gnu
Thread model: posix
gcc version 4.6.3 (Ubuntu/Linaro 4.6.3-1ubuntu5) 
configure:3520: $? = 0
configure:3509: gcc -V >&5
gcc: error: unrecognized option '-V'
gcc: fatal error: no input files
compilation terminated.
configure:3520: $? = 4
configure:3509: gcc -qversion >&5
gcc: error: unrecognized option '-qversion'
gcc: fatal error: no input files
compilation terminated.
configure:3520: $? = 4
configure:3540: checking whether the C compiler works
configure:3562: gcc    conftest.c  >&5
configure:3566: $? = 0
configure:3615: result: yes
configure:3618: checking for C compiler default output file name
configure:3620: result: a.out
configure:3626: checking for suffix of executables
configure:3633: gcc -o conftest    conftest.c  >&5
configure:3637: $? = 0
configure:3659: result: 
configure:3681: checking whether we are cross compiling
configure:3689: gcc -o conftest    conftest.c  >&5
configure:3693: $? = 0
configure:3700: ./conftest
configure:3704: $? = 0
configure:3719: result: no
configure:3724: checking for suffix of object files
configure:3746: gcc -c   conftest.c >&5
configure:3750: $? = 0
configure:3771: result: o
configure:3775: checking whether we are using the GNU C compiler
configure:3794: gcc -c   conftest.c >&5
configure:3794: $? = 0
configure:3803: result: yes
configure:3812: checking whether gcc accepts -g
configure:3832: gcc -c -g  conftest.c >&5
configure:3832: $? = 0
configure:3873: result: yes
configure:3890: checking for gcc option to accept ISO C89
configure:3954: gcc  -c -g -O2  conftest.c >&5
configure:3954: $? = 0
configure:3967: result: none needed
configure:3989: checking dependency style of gcc
configure:4099: result: gcc3
configure:4117: checking for clock_gettime
configure:4117: gcc -o conftest -g -O2   conftest.c  >&5
/tmp/ccxE0vPd.o: In function `main':
/home/dot2wa2/workspace/libdbus-cplusplus/conftest.c:45: undefined reference to `clock_gettime'
collect2: ld returned 1 exit status
configure:4117: $? = 1
configure: failed program was:
| /* confdefs.h */
| #define PACKAGE_NAME "libdbus-c++"
| #define PACKAGE_TARNAME "libdbus-c--"
| #define PACKAGE_VERSION "0.9.0"
| #define PACKAGE_STRING "libdbus-c++ 0.9.0"
| #define PACKAGE_BUGREPORT "andreas.volz@tux-style.com"
| #define PACKAGE_URL ""
| #define PACKAGE "libdbus-c++"
| #define VERSION "0.9.0"
| /* end confdefs.h.  */
| /* Define clock_gettime to an innocuous variant, in case <limits.h> declares clock_gettime.
|    For example, HP-UX 11i <limits.h> declares gettimeofday.  */
| #define clock_gettime innocuous_clock_gettime
| 
| /* System header to define __stub macros and hopefully few prototypes,
|     which can conflict with char clock_gettime (); below.
|     Prefer <limits.h> to <assert.h> if __STDC__ is defined, since
|     <limits.h> exists even on freestanding compilers.  */
| 
| #ifdef __STDC__
| # include <limits.h>
| #else
| # include <assert.h>
| #endif
| 
| #undef clock_gettime
| 
| /* Override any GCC internal prototype to avoid an error.
|    Use char because int might match the return type of a GCC
|    builtin and then its argument prototype would still apply.  */
| #ifdef __cplusplus
| extern "C"
| #endif
| char clock_gettime ();
| /* The GNU C library defines this for functions which it implements
|     to always fail with ENOSYS.  Some functions are actually named
|     something starting with __ and the normal name is an alias.  */
| #if defined __stub_clock_gettime || defined __stub___clock_gettime
| choke me
| #endif
| 
| int
| main ()
| {
| return clock_gettime ();
|   ;
|   return 0;
| }
configure:4117: result: no
configure:4125: checking for clock_gettime in -lrt
configure:4150: gcc -o conftest -g -O2   conftest.c -lrt   >&5
configure:4150: $? = 0
configure:4159: result: yes
configure:4232: checking for gcc
configure:4259: result: gcc
configure:4488: checking for C compiler version
configure:4497: gcc --version >&5
gcc (Ubuntu/Linaro 4.6.3-1ubuntu5) 4.6.3
Copyright (C) 2011 Free Software Foundation, Inc.
This is free software; see the source for copying conditions.  There is NO
warranty; not even for MERCHANTABILITY or FITNESS FOR A PARTICULAR PURPOSE.

configure:4508: $? = 0
configure:4497: gcc -v >&5
Using built-in specs.
COLLECT_GCC=gcc
COLLECT_LTO_WRAPPER=/usr/lib/gcc/x86_64-linux-gnu/4.6/lto-wrapper
Target: x86_64-linux-gnu
Configured with: ../src/configure -v --with-pkgversion='Ubuntu/Linaro 4.6.3-1ubuntu5' --with-bugurl=file:///usr/share/doc/gcc-4.6/README.Bugs --enable-languages=c,c++,fortran,objc,obj-c++ --prefix=/usr --program-suffix=-4.6 --enable-shared --enable-linker-build-id --with-system-zlib --libexecdir=/usr/lib --without-included-gettext --enable-threads=posix --with-gxx-include-dir=/usr/include/c++/4.6 --libdir=/usr/lib --enable-nls --with-sysroot=/ --enable-clocale=gnu --enable-libstdcxx-debug --enable-libstdcxx-time=yes --enable-gnu-unique-object --enable-plugin --enable-objc-gc --disable-werror --with-arch-32=i686 --with-tune=generic --enable-checking=release --build=x86_64-linux-gnu --host=x86_64-linux-gnu --target=x86_64-linux-gnu
Thread model: posix
gcc version 4.6.3 (Ubuntu/Linaro 4.6.3-1ubuntu5) 
configure:4508: $? = 0
configure:4497: gcc -V >&5
gcc: error: unrecognized option '-V'
gcc: fatal error: no input files
compilation terminated.
configure:4508: $? = 4
configure:4497: gcc -qversion >&5
gcc: error: unrecognized option '-qversion'
gcc: fatal error: no input files
compilation terminated.
configure:4508: $? = 4
configure:4512: checking whether we are using the GNU C compiler
configure:4540: result: yes
configure:4549: checking whether gcc accepts -g
configure:4610: result: yes
configure:4627: checking for gcc option to accept ISO C89
configure:4704: result: none needed
configure:4726: checking dependency style of gcc
configure:4836: result: gcc3
configure:4909: checking for g++
configure:4925: found /usr/bin/g++
configure:4936: result: g++
configure:4963: checking for C++ compiler version
configure:4972: g++ --version >&5
g++ (Ubuntu/Linaro 4.6.3-1ubuntu5) 4.6.3
Copyright (C) 2011 Free Software Foundation, Inc.
This is free software; see the source for copying conditions.  There is NO
warranty; not even for MERCHANTABILITY or FITNESS FOR A PARTICULAR PURPOSE.

configure:4983: $? = 0
configure:4972: g++ -v >&5
Using built-in specs.
COLLECT_GCC=g++
COLLECT_LTO_WRAPPER=/usr/lib/gcc/x86_64-linux-gnu/4.6/lto-wrapper
Target: x86_64-linux-gnu
Configured with: ../src/configure -v --with-pkgversion='Ubuntu/Linaro 4.6.3-1ubuntu5' --with-bugurl=file:///usr/share/doc/gcc-4.6/README.Bugs --enable-languages=c,c++,fortran,objc,obj-c++ --prefix=/usr --program-suffix=-4.6 --enable-shared --enable-linker-build-id --with-system-zlib --libexecdir=/usr/lib --without-included-gettext --enable-threads=posix --with-gxx-include-dir=/usr/include/c++/4.6 --libdir=/usr/lib --enable-nls --with-sysroot=/ --enable-clocale=gnu --enable-libstdcxx-debug --enable-libstdcxx-time=yes --enable-gnu-unique-object --enable-plugin --enable-objc-gc --disable-werror --with-arch-32=i686 --with-tune=generic --enable-checking=release --build=x86_64-linux-gnu --host=x86_64-linux-gnu --target=x86_64-linux-gnu
Thread model: posix
gcc version 4.6.3 (Ubuntu/Linaro 4.6.3-1ubuntu5) 
configure:4983: $? = 0
configure:4972: g++ -V >&5
g++: error: unrecognized option '-V'
g++: fatal error: no input files
compilation terminated.
configure:4983: $? = 4
configure:4972: g++ -qversion >&5
g++: error: unrecognized option '-qversion'
g++: fatal error: no input files
compilation terminated.
configure:4983: $? = 4
configure:4987: checking whether we are using the GNU C++ compiler
configure:5006: g++ -c   conftest.cpp >&5
configure:5006: $? = 0
configure:5015: result: yes
configure:5024: checking whether g++ accepts -g
configure:5044: g++ -c -g  conftest.cpp >&5
configure:5044: $? = 0
configure:5085: result: yes
configure:5110: checking dependency style of g++
configure:5220: result: gcc3
configure:5264: checking for a sed that does not truncate output
configure:5328: result: /bin/sed
configure:5346: checking for grep that handles long lines and -e
configure:5404: result: /bin/grep
configure:5409: checking for egrep
configure:5471: result: /bin/grep -E
configure:5476: checking for fgrep
configure:5538: result: /bin/grep -F
configure:5573: checking for ld used by gcc
configure:5640: result: /usr/bin/ld
configure:5647: checking if the linker (/usr/bin/ld) is GNU ld
configure:5662: result: yes
configure:5674: checking for BSD- or MS-compatible name lister (nm)
configure:5723: result: /usr/bin/nm -B
configure:5841: checking the name lister (/usr/bin/nm -B) interface
configure:5848: g++ -c -g -O2  conftest.cpp >&5
configure:5851: /usr/bin/nm -B "conftest.o"
configure:5854: output
0000000000000000 B some_variable
configure:5861: result: BSD nm
configure:5864: checking whether ln -s works
configure:5868: result: yes
configure:5876: checking the maximum length of command line arguments
configure:5996: result: 1572864
configure:6013: checking whether the shell understands some XSI constructs
configure:6023: result: yes
configure:6027: checking whether the shell understands "+="
configure:6033: result: yes
configure:6068: checking for /usr/bin/ld option to reload object files
configure:6075: result: -r
configure:6144: checking for objdump
configure:6160: found /usr/bin/objdump
configure:6171: result: objdump
configure:6203: checking how to recognize dependent libraries
configure:6399: result: pass_all
configure:6459: checking for ar
configure:6475: found /usr/bin/ar
configure:6486: result: ar
configure:6564: checking for strip
configure:6580: found /usr/bin/strip
configure:6591: result: strip
configure:6663: checking for ranlib
configure:6679: found /usr/bin/ranlib
configure:6690: result: ranlib
configure:6780: checking command to parse /usr/bin/nm -B output from gcc object
configure:6898: g++ -c -g -O2  conftest.cpp >&5
configure:6901: $? = 0
configure:6905: /usr/bin/nm -B conftest.o \| sed -n -e 's/^.*[	 ]\([ABCDGIRSTW][ABCDGIRSTW]*\)[	 ][	 ]*\([_A-Za-z][_A-Za-z0-9]*\)$/\1 \2 \2/p' \> conftest.nm
configure:6908: $? = 0
configure:6962: g++ -o conftest -g -O2   conftest.cpp conftstm.o >&5
configure:6965: $? = 0
configure:7003: result: ok
configure:7098: g++ -c -g -O2  conftest.cpp >&5
configure:7101: $? = 0
configure:7811: checking how to run the C preprocessor
configure:7842: gcc -E  conftest.c
configure:7842: $? = 0
configure:7856: gcc -E  conftest.c
conftest.c:12:28: fatal error: ac_nonexistent.h: No such file or directory
compilation terminated.
configure:7856: $? = 1
configure: failed program was:
| /* confdefs.h */
| #define PACKAGE_NAME "libdbus-c++"
| #define PACKAGE_TARNAME "libdbus-c--"
| #define PACKAGE_VERSION "0.9.0"
| #define PACKAGE_STRING "libdbus-c++ 0.9.0"
| #define PACKAGE_BUGREPORT "andreas.volz@tux-style.com"
| #define PACKAGE_URL ""
| #define PACKAGE "libdbus-c++"
| #define VERSION "0.9.0"
| #define HAVE_CLOCK_GETTIME 1
| /* end confdefs.h.  */
| #include <ac_nonexistent.h>
configure:7881: result: gcc -E
configure:7901: gcc -E  conftest.c
configure:7901: $? = 0
configure:7915: gcc -E  conftest.c
conftest.c:12:28: fatal error: ac_nonexistent.h: No such file or directory
compilation terminated.
configure:7915: $? = 1
configure: failed program was:
| /* confdefs.h */
| #define PACKAGE_NAME "libdbus-c++"
| #define PACKAGE_TARNAME "libdbus-c--"
| #define PACKAGE_VERSION "0.9.0"
| #define PACKAGE_STRING "libdbus-c++ 0.9.0"
| #define PACKAGE_BUGREPORT "andreas.volz@tux-style.com"
| #define PACKAGE_URL ""
| #define PACKAGE "libdbus-c++"
| #define VERSION "0.9.0"
| #define HAVE_CLOCK_GETTIME 1
| /* end confdefs.h.  */
| #include <ac_nonexistent.h>
configure:7944: checking for ANSI C header files
configure:7964: gcc -c -g -O2  conftest.c >&5
configure:7964: $? = 0
configure:8037: gcc -o conftest -g -O2   conftest.c  >&5
configure:8037: $? = 0
configure:8037: ./conftest
configure:8037: $? = 0
configure:8048: result: yes
configure:8061: checking for sys/types.h
configure:8061: gcc -c -g -O2  conftest.c >&5
configure:8061: $? = 0
configure:8061: result: yes
configure:8061: checking for sys/stat.h
configure:8061: gcc -c -g -O2  conftest.c >&5
configure:8061: $? = 0
configure:8061: result: yes
configure:8061: checking for stdlib.h
configure:8061: gcc -c -g -O2  conftest.c >&5
configure:8061: $? = 0
configure:8061: result: yes
configure:8061: checking for string.h
configure:8061: gcc -c -g -O2  conftest.c >&5
configure:8061: $? = 0
configure:8061: result: yes
configure:8061: checking for memory.h
configure:8061: gcc -c -g -O2  conftest.c >&5
configure:8061: $? = 0
configure:8061: result: yes
configure:8061: checking for strings.h
configure:8061: gcc -c -g -O2  conftest.c >&5
configure:8061: $? = 0
configure:8061: result: yes
configure:8061: checking for inttypes.h
configure:8061: gcc -c -g -O2  conftest.c >&5
configure:8061: $? = 0
configure:8061: result: yes
configure:8061: checking for stdint.h
configure:8061: gcc -c -g -O2  conftest.c >&5
configure:8061: $? = 0
configure:8061: result: yes
configure:8061: checking for unistd.h
configure:8061: gcc -c -g -O2  conftest.c >&5
configure:8061: $? = 0
configure:8061: result: yes
configure:8076: checking for dlfcn.h
configure:8076: gcc -c -g -O2  conftest.c >&5
configure:8076: $? = 0
configure:8076: result: yes
configure:8201: checking for C++ compiler version
configure:8210: g++ --version >&5
g++ (Ubuntu/Linaro 4.6.3-1ubuntu5) 4.6.3
Copyright (C) 2011 Free Software Foundation, Inc.
This is free software; see the source for copying conditions.  There is NO
warranty; not even for MERCHANTABILITY or FITNESS FOR A PARTICULAR PURPOSE.

configure:8221: $? = 0
configure:8210: g++ -v >&5
Using built-in specs.
COLLECT_GCC=g++
COLLECT_LTO_WRAPPER=/usr/lib/gcc/x86_64-linux-gnu/4.6/lto-wrapper
Target: x86_64-linux-gnu
Configured with: ../src/configure -v --with-pkgversion='Ubuntu/Linaro 4.6.3-1ubuntu5' --with-bugurl=file:///usr/share/doc/gcc-4.6/README.Bugs --enable-languages=c,c++,fortran,objc,obj-c++ --prefix=/usr --program-suffix=-4.6 --enable-shared --enable-linker-build-id --with-system-zlib --libexecdir=/usr/lib --without-included-gettext --enable-threads=posix --with-gxx-include-dir=/usr/include/c++/4.6 --libdir=/usr/lib --enable-nls --with-sysroot=/ --enable-clocale=gnu --enable-libstdcxx-debug --enable-libstdcxx-time=yes --enable-gnu-unique-object --enable-plugin --enable-objc-gc --disable-werror --with-arch-32=i686 --with-tune=generic --enable-checking=release --build=x86_64-linux-gnu --host=x86_64-linux-gnu --target=x86_64-linux-gnu
Thread model: posix
gcc version 4.6.3 (Ubuntu/Linaro 4.6.3-1ubuntu5) 
configure:8221: $? = 0
configure:8210: g++ -V >&5
g++: error: unrecognized option '-V'
g++: fatal error: no input files
compilation terminated.
configure:8221: $? = 4
configure:8210: g++ -qversion >&5
g++: error: unrecognized option '-qversion'
g++: fatal error: no input files
compilation terminated.
configure:8221: $? = 4
configure:8225: checking whether we are using the GNU C++ compiler
configure:8253: result: yes
configure:8262: checking whether g++ accepts -g
configure:8323: result: yes
configure:8348: checking dependency style of g++
configure:8458: result: gcc3
configure:8481: checking how to run the C++ preprocessor
configure:8508: g++ -E  conftest.cpp
configure:8508: $? = 0
configure:8522: g++ -E  conftest.cpp
conftest.cpp:23:28: fatal error: ac_nonexistent.h: No such file or directory
compilation terminated.
configure:8522: $? = 1
configure: failed program was:
| /* confdefs.h */
| #define PACKAGE_NAME "libdbus-c++"
| #define PACKAGE_TARNAME "libdbus-c--"
| #define PACKAGE_VERSION "0.9.0"
| #define PACKAGE_STRING "libdbus-c++ 0.9.0"
| #define PACKAGE_BUGREPORT "andreas.volz@tux-style.com"
| #define PACKAGE_URL ""
| #define PACKAGE "libdbus-c++"
| #define VERSION "0.9.0"
| #define HAVE_CLOCK_GETTIME 1
| #define STDC_HEADERS 1
| #define HAVE_SYS_TYPES_H 1
| #define HAVE_SYS_STAT_H 1
| #define HAVE_STDLIB_H 1
| #define HAVE_STRING_H 1
| #define HAVE_MEMORY_H 1
| #define HAVE_STRINGS_H 1
| #define HAVE_INTTYPES_H 1
| #define HAVE_STDINT_H 1
| #define HAVE_UNISTD_H 1
| #define HAVE_DLFCN_H 1
| /* end confdefs.h.  */
| #include <ac_nonexistent.h>
configure:8547: result: g++ -E
configure:8567: g++ -E  conftest.cpp
configure:8567: $? = 0
configure:8581: g++ -E  conftest.cpp
conftest.cpp:23:28: fatal error: ac_nonexistent.h: No such file or directory
compilation terminated.
configure:8581: $? = 1
configure: failed program was:
| /* confdefs.h */
| #define PACKAGE_NAME "libdbus-c++"
| #define PACKAGE_TARNAME "libdbus-c--"
| #define PACKAGE_VERSION "0.9.0"
| #define PACKAGE_STRING "libdbus-c++ 0.9.0"
| #define PACKAGE_BUGREPORT "andreas.volz@tux-style.com"
| #define PACKAGE_URL ""
| #define PACKAGE "libdbus-c++"
| #define VERSION "0.9.0"
| #define HAVE_CLOCK_GETTIME 1
| #define STDC_HEADERS 1
| #define HAVE_SYS_TYPES_H 1
| #define HAVE_SYS_STAT_H 1
| #define HAVE_STDLIB_H 1
| #define HAVE_STRING_H 1
| #define HAVE_MEMORY_H 1
| #define HAVE_STRINGS_H 1
| #define HAVE_INTTYPES_H 1
| #define HAVE_STDINT_H 1
| #define HAVE_UNISTD_H 1
| #define HAVE_DLFCN_H 1
| /* end confdefs.h.  */
| #include <ac_nonexistent.h>
configure:8787: checking for objdir
configure:8802: result: .libs
configure:9098: checking if gcc supports -fno-rtti -fno-exceptions
configure:9116: gcc -c -g -O2  -fno-rtti -fno-exceptions conftest.c >&5
cc1: warning: command line option '-fno-rtti' is valid for C++/ObjC++ but not for C [enabled by default]
configure:9120: $? = 0
configure:9133: result: no
configure:9153: checking for gcc option to produce PIC
configure:9425: result: -fPIC -DPIC
configure:9437: checking if gcc PIC flag -fPIC -DPIC works
configure:9455: gcc -c -g -O2  -fPIC -DPIC -DPIC conftest.c >&5
configure:9459: $? = 0
configure:9472: result: yes
configure:9496: checking if gcc static flag -static works
configure:9524: result: yes
configure:9539: checking if gcc supports -c -o file.o
configure:9560: gcc -c -g -O2  -o out/conftest2.o conftest.c >&5
configure:9564: $? = 0
configure:9586: result: yes
configure:9594: checking if gcc supports -c -o file.o
configure:9641: result: yes
configure:9674: checking whether the gcc linker (/usr/bin/ld -m elf_x86_64) supports shared libraries
configure:10665: result: yes
configure:10702: checking whether -lc should be explicitly linked in
configure:10707: gcc -c -g -O2  conftest.c >&5
configure:10710: $? = 0
configure:10725: gcc -shared conftest.o  -v -Wl,-soname -Wl,conftest -o conftest 2\>\&1 \| /bin/grep  -lc  \>/dev/null 2\>\&1
configure:10728: $? = 0
configure:10740: result: no
configure:10904: checking dynamic linker characteristics
configure:11337: gcc -o conftest -g -O2   -Wl,-rpath -Wl,/foo conftest.c  >&5
configure:11337: $? = 0
configure:11567: result: GNU/Linux ld.so
configure:11669: checking how to hardcode library paths into programs
configure:11694: result: immediate
configure:12214: checking whether stripping libraries is possible
configure:12219: result: yes
configure:12254: checking if libtool supports shared libraries
configure:12256: result: yes
configure:12259: checking whether to build shared libraries
configure:12280: result: yes
configure:12283: checking whether to build static libraries
configure:12287: result: yes
configure:12437: checking for ld used by g++
configure:12504: result: /usr/bin/ld -m elf_x86_64
configure:12511: checking if the linker (/usr/bin/ld -m elf_x86_64) is GNU ld
configure:12526: result: yes
configure:12581: checking whether the g++ linker (/usr/bin/ld -m elf_x86_64) supports shared libraries
configure:13494: result: yes
configure:13522: g++ -c -g -O2  conftest.cpp >&5
configure:13525: $? = 0
configure:13707: checking for g++ option to produce PIC
configure:14024: result: -fPIC -DPIC
configure:14033: checking if g++ PIC flag -fPIC -DPIC works
configure:14051: g++ -c -g -O2  -fPIC -DPIC -DPIC conftest.cpp >&5
configure:14055: $? = 0
configure:14068: result: yes
configure:14089: checking if g++ static flag -static works
configure:14117: result: yes
configure:14129: checking if g++ supports -c -o file.o
configure:14150: g++ -c -g -O2  -o out/conftest2.o conftest.cpp >&5
configure:14154: $? = 0
configure:14176: result: yes
configure:14181: checking if g++ supports -c -o file.o
configure:14228: result: yes
configure:14258: checking whether the g++ linker (/usr/bin/ld -m elf_x86_64) supports shared libraries
configure:14287: result: yes
configure:14424: checking dynamic linker characteristics
configure:14805: g++ -o conftest -g -O2   -Wl,-rpath -Wl,/foo conftest.cpp  >&5
configure:14805: $? = 0
configure:15035: result: GNU/Linux ld.so
configure:15086: checking how to hardcode library paths into programs
configure:15111: result: immediate
configure:15219: checking for pkg-config
configure:15237: found /usr/bin/pkg-config
configure:15249: result: /usr/bin/pkg-config
configure:15274: checking pkg-config is at least version 0.9.0
configure:15277: result: yes
configure:15288: checking whether g++ supports symbol visibility
configure:15294: result: yes
configure:15312: checking for dbus
configure:15320: $PKG_CONFIG --exists --print-errors "dbus-1 >= $DBUS_REQUIRED_VERSION"
configure:15323: $? = 0
configure:15338: $PKG_CONFIG --exists --print-errors "dbus-1 >= $DBUS_REQUIRED_VERSION"
configure:15341: $? = 0
configure:15381: result: yes
configure:15390: $PKG_CONFIG --exists --print-errors "dbus-1 < $DBUS_API_STABLE_VERSION"
Requested 'dbus-1 < 1.0.0' but version of dbus is 1.4.18
configure:15393: $? = 1
configure:15403: $PKG_CONFIG --exists --print-errors "dbus-1 >= $DBUS_THREADS_INIT_DEFAULT_VERSION"
configure:15406: $? = 0
configure:15416: $PKG_CONFIG --exists --print-errors "dbus-1 >= $DBUS_RECURSIVE_MUTEX_VERSION"
configure:15419: $? = 0
configure:15431: checking for glib
configure:15439: $PKG_CONFIG --exists --print-errors "glib-2.0"
configure:15442: $? = 0
configure:15457: $PKG_CONFIG --exists --print-errors "glib-2.0"
configure:15460: $? = 0
configure:15515: result: yes
configure:15531: checking for gtkmm
configure:15539: $PKG_CONFIG --exists --print-errors "gtkmm-2.4"
Package gtkmm-2.4 was not found in the pkg-config search path.
Perhaps you should add the directory containing `gtkmm-2.4.pc'
to the PKG_CONFIG_PATH environment variable
No package 'gtkmm-2.4' found
configure:15542: $? = 1
configure:15557: $PKG_CONFIG --exists --print-errors "gtkmm-2.4"
Package gtkmm-2.4 was not found in the pkg-config search path.
Perhaps you should add the directory containing `gtkmm-2.4.pc'
to the PKG_CONFIG_PATH environment variable
No package 'gtkmm-2.4' found
configure:15560: $? = 1
No package 'gtkmm-2.4' found
configure:15588: result: no
configure:15647: checking for ecore
configure:15655: $PKG_CONFIG --exists --print-errors "ecore"
Package ecore was not found in the pkg-config search path.
Perhaps you should add the directory containing `ecore.pc'
to the PKG_CONFIG_PATH environment variable
No package 'ecore' found
configure:15658: $? = 1
configure:15673: $PKG_CONFIG --exists --print-errors "ecore"
Package ecore was not found in the pkg-config search path.
Perhaps you should add the directory containing `ecore.pc'
to the PKG_CONFIG_PATH environment variable
No package 'ecore' found
configure:15676: $? = 1
No package 'ecore' found
configure:15714: error: Package requirements (ecore) were not met:

No package 'ecore' found

Consider adjusting the PKG_CONFIG_PATH environment variable if you
installed software in a non-standard prefix.

Alternatively, you may set the environment variables ecore_CFLAGS
and ecore_LIBS to avoid the need to call pkg-config.
See the pkg-config man page for more details.


## ---------------- ##
## Cache variables. ##
## ---------------- ##

ac_cv_build=x86_64-unknown-linux-gnu
ac_cv_c_compiler_gnu=yes
ac_cv_cxx_compiler_gnu=yes
ac_cv_env_CCC_set=
ac_cv_env_CCC_value=
ac_cv_env_CC_set=
ac_cv_env_CC_value=
ac_cv_env_CFLAGS_set=
ac_cv_env_CFLAGS_value=
ac_cv_env_CPPFLAGS_set=
ac_cv_env_CPPFLAGS_value=
ac_cv_env_CPP_set=
ac_cv_env_CPP_value=
ac_cv_env_CXXCPP_set=
ac_cv_env_CXXCPP_value=
ac_cv_env_CXXFLAGS_set=
ac_cv_env_CXXFLAGS_value=
ac_cv_env_CXX_set=
ac_cv_env_CXX_value=
ac_cv_env_LDFLAGS_set=
ac_cv_env_LDFLAGS_value=
ac_cv_env_LIBS_set=
ac_cv_env_LIBS_value=
ac_cv_env_PKG_CONFIG_set=
ac_cv_env_PKG_CONFIG_value=
ac_cv_env_build_alias_set=
ac_cv_env_build_alias_value=
ac_cv_env_dbus_CFLAGS_set=
ac_cv_env_dbus_CFLAGS_value=
ac_cv_env_dbus_LIBS_set=
ac_cv_env_dbus_LIBS_value=
ac_cv_env_ecore_CFLAGS_set=
ac_cv_env_ecore_CFLAGS_value=
ac_cv_env_ecore_LIBS_set=
ac_cv_env_ecore_LIBS_value=
ac_cv_env_glib_CFLAGS_set=
ac_cv_env_glib_CFLAGS_value=
ac_cv_env_glib_LIBS_set=
ac_cv_env_glib_LIBS_value=
ac_cv_env_gtkmm_CFLAGS_set=
ac_cv_env_gtkmm_CFLAGS_value=
ac_cv_env_gtkmm_LIBS_set=
ac_cv_env_gtkmm_LIBS_value=
ac_cv_env_host_alias_set=
ac_cv_env_host_alias_value=
ac_cv_env_target_alias_set=
ac_cv_env_target_alias_value=
ac_cv_func_clock_gettime=no
ac_cv_header_dlfcn_h=yes
ac_cv_header_inttypes_h=yes
ac_cv_header_memory_h=yes
ac_cv_header_stdc=yes
ac_cv_header_stdint_h=yes
ac_cv_header_stdlib_h=yes
ac_cv_header_string_h=yes
ac_cv_header_strings_h=yes
ac_cv_header_sys_stat_h=yes
ac_cv_header_sys_types_h=yes
ac_cv_header_unistd_h=yes
ac_cv_host=x86_64-unknown-linux-gnu
ac_cv_lib_rt_clock_gettime=yes
ac_cv_objext=o
ac_cv_path_EGREP='/bin/grep -E'
ac_cv_path_FGREP='/bin/grep -F'
ac_cv_path_GREP=/bin/grep
ac_cv_path_SED=/bin/sed
ac_cv_path_ac_pt_PKG_CONFIG=/usr/bin/pkg-config
ac_cv_path_install='/usr/bin/install -c'
ac_cv_path_mkdir=/bin/mkdir
ac_cv_prog_AWK=gawk
ac_cv_prog_CPP='gcc -E'
ac_cv_prog_CXXCPP='g++ -E'
ac_cv_prog_ac_ct_AR=ar
ac_cv_prog_ac_ct_CC=gcc
ac_cv_prog_ac_ct_CXX=g++
ac_cv_prog_ac_ct_OBJDUMP=objdump
ac_cv_prog_ac_ct_RANLIB=ranlib
ac_cv_prog_ac_ct_STRIP=strip
ac_cv_prog_cc_c89=
ac_cv_prog_cc_g=yes
ac_cv_prog_cxx_g=yes
ac_cv_prog_make_make_set=yes
am_cv_CC_dependencies_compiler_type=gcc3
am_cv_CXX_dependencies_compiler_type=gcc3
lt_cv_deplibs_check_method=pass_all
lt_cv_file_magic_cmd='$MAGIC_CMD'
lt_cv_file_magic_test_file=
lt_cv_ld_reload_flag=-r
lt_cv_nm_interface='BSD nm'
lt_cv_objdir=.libs
lt_cv_path_LD=/usr/bin/ld
lt_cv_path_LDCXX='/usr/bin/ld -m elf_x86_64'
lt_cv_path_NM='/usr/bin/nm -B'
lt_cv_prog_compiler_c_o=yes
lt_cv_prog_compiler_c_o_CXX=yes
lt_cv_prog_compiler_pic_works=yes
lt_cv_prog_compiler_pic_works_CXX=yes
lt_cv_prog_compiler_rtti_exceptions=no
lt_cv_prog_compiler_static_works=yes
lt_cv_prog_compiler_static_works_CXX=yes
lt_cv_prog_gnu_ld=yes
lt_cv_prog_gnu_ldcxx=yes
lt_cv_sys_global_symbol_pipe='sed -n -e '\''s/^.*[	 ]\([ABCDGIRSTW][ABCDGIRSTW]*\)[	 ][	 ]*\([_A-Za-z][_A-Za-z0-9]*\)$/\1 \2 \2/p'\'''
lt_cv_sys_global_symbol_to_c_name_address='sed -n -e '\''s/^: \([^ ]*\) $/  {\"\1\", (void *) 0},/p'\'' -e '\''s/^[ABCDGIRSTW]* \([^ ]*\) \([^ ]*\)$/  {"\2", (void *) \&\2},/p'\'''
lt_cv_sys_global_symbol_to_c_name_address_lib_prefix='sed -n -e '\''s/^: \([^ ]*\) $/  {\"\1\", (void *) 0},/p'\'' -e '\''s/^[ABCDGIRSTW]* \([^ ]*\) \(lib[^ ]*\)$/  {"\2", (void *) \&\2},/p'\'' -e '\''s/^[ABCDGIRSTW]* \([^ ]*\) \([^ ]*\)$/  {"lib\2", (void *) \&\2},/p'\'''
lt_cv_sys_global_symbol_to_cdecl='sed -n -e '\''s/^T .* \(.*\)$/extern int \1();/p'\'' -e '\''s/^[ABCDGIRSTW]* .* \(.*\)$/extern char \1;/p'\'''
lt_cv_sys_max_cmd_len=1572864
pkg_cv_dbus_CFLAGS='-I/usr/include/dbus-1.0 -I/usr/lib/x86_64-linux-gnu/dbus-1.0/include  '
pkg_cv_dbus_LIBS='-ldbus-1 -lpthread -lrt  '
pkg_cv_glib_CFLAGS='-I/usr/include/glib-2.0 -I/usr/lib/x86_64-linux-gnu/glib-2.0/include  '
pkg_cv_glib_LIBS='-lglib-2.0  '

## ----------------- ##
## Output variables. ##
## ----------------- ##

ACLOCAL='${SHELL} /home/dot2wa2/workspace/libdbus-cplusplus/missing --run aclocal-1.11'
AMDEPBACKSLASH='\'
AMDEP_FALSE='#'
AMDEP_TRUE=''
AMTAR='${SHELL} /home/dot2wa2/workspace/libdbus-cplusplus/missing --run tar'
AR='ar'
AUTOCONF='${SHELL} /home/dot2wa2/workspace/libdbus-cplusplus/missing --run autoconf'
AUTOHEADER='${SHELL} /home/dot2wa2/workspace/libdbus-cplusplus/missing --run autoheader'
AUTOMAKE='${SHELL} /home/dot2wa2/workspace/libdbus-cplusplus/missing --run automake-1.11'
AWK='gawk'
BUILD_LIBDBUS_CXX_DIR=''
CC='gcc'
CCDEPMODE='depmode=gcc3'
CFLAGS='-g -O2'
CPP='gcc -E'
CPPFLAGS=''
CROSS_COMPILING_FALSE=''
CROSS_COMPILING_TRUE=''
CXX='g++'
CXXCPP='g++ -E'
CXXDEPMODE='depmode=gcc3'
CXXFLAGS='-g -O2 -fvisibility=hidden'
CXX_FOR_BUILD='g++'
CYGPATH_W='echo'
DBUS_DOXYGEN_DOCS_ENABLED_FALSE=''
DBUS_DOXYGEN_DOCS_ENABLED_TRUE=''
DEFS=''
DEPDIR='.deps'
DOXYGEN=''
DSYMUTIL=''
DUMPBIN=''
ECHO_C=''
ECHO_N='-n'
ECHO_T=''
EGREP='/bin/grep -E'
ENABLE_ECORE_FALSE=''
ENABLE_ECORE_TRUE=''
ENABLE_EXAMPLES_FALSE=''
ENABLE_EXAMPLES_TRUE=''
ENABLE_GLIB_FALSE='#'
ENABLE_GLIB_TRUE=''
ENABLE_TESTS_FALSE=''
ENABLE_TESTS_TRUE=''
EXEEXT=''
FGREP='/bin/grep -F'
GREP='/bin/grep'
HAVE_GTKMM_FALSE=''
HAVE_GTKMM_TRUE='#'
HAVE_PTHREAD_FALSE=''
HAVE_PTHREAD_TRUE=''
INSTALL_DATA='${INSTALL} -m 644'
INSTALL_PROGRAM='${INSTALL}'
INSTALL_SCRIPT='${INSTALL}'
INSTALL_STRIP_PROGRAM='$(install_sh) -c -s'
LD='/usr/bin/ld -m elf_x86_64'
LDFLAGS=''
LIBOBJS=''
LIBS=''
LIBTOOL='$(SHELL) $(top_builddir)/libtool'
LIPO=''
LN_S='ln -s'
LTLIBOBJS=''
MAKEINFO='${SHELL} /home/dot2wa2/workspace/libdbus-cplusplus/missing --run makeinfo'
MKDIR_P='/bin/mkdir -p'
NM='/usr/bin/nm -B'
NMEDIT=''
OBJDUMP='objdump'
OBJEXT='o'
OTOOL64=''
OTOOL=''
PACKAGE='libdbus-c++'
PACKAGE_BUGREPORT='andreas.volz@tux-style.com'
PACKAGE_NAME='libdbus-c++'
PACKAGE_STRING='libdbus-c++ 0.9.0'
PACKAGE_TARNAME='libdbus-c--'
PACKAGE_URL=''
PACKAGE_VERSION='0.9.0'
PATH_SEPARATOR=':'
PKG_CONFIG='/usr/bin/pkg-config'
PTHREAD_CC=''
PTHREAD_CFLAGS=''
PTHREAD_LIBS=''
RANLIB='ranlib'
RT_LIBS='-lrt'
SED='/bin/sed'
SET_MAKE=''
SHELL='/bin/bash'
STRIP='strip'
VERSION='0.9.0'
ac_ct_CC='gcc'
ac_ct_CXX='g++'
ac_ct_DUMPBIN=''
acx_pthread_config=''
am__EXEEXT_FALSE=''
am__EXEEXT_TRUE=''
am__fastdepCC_FALSE='#'
am__fastdepCC_TRUE=''
am__fastdepCXX_FALSE='#'
am__fastdepCXX_TRUE=''
am__include='include'
am__isrc=''
am__leading_dot='.'
am__quote=''
am__tar='${AMTAR} chof - "$$tardir"'
am__untar='${AMTAR} xf -'
bindir='${exec_prefix}/bin'
build='x86_64-unknown-linux-gnu'
build_alias=''
build_cpu='x86_64'
build_os='linux-gnu'
build_vendor='unknown'
datadir='${datarootdir}'
datarootdir='${prefix}/share'
dbus_CFLAGS='-I/usr/include/dbus-1.0 -I/usr/lib/x86_64-linux-gnu/dbus-1.0/include  '
dbus_LIBS='-ldbus-1 -lpthread -lrt  '
docdir='${datarootdir}/doc/${PACKAGE_TARNAME}'
dvidir='${docdir}'
ecore_CFLAGS=''
ecore_LIBS=''
exec_prefix='NONE'
glib_CFLAGS='-I/usr/include/glib-2.0 -I/usr/lib/x86_64-linux-gnu/glib-2.0/include  '
glib_LIBS='-lglib-2.0  '
gtkmm_CFLAGS=''
gtkmm_LIBS=''
host='x86_64-unknown-linux-gnu'
host_alias=''
host_cpu='x86_64'
host_os='linux-gnu'
host_vendor='unknown'
htmldir='${docdir}'
includedir='${prefix}/include'
infodir='${datarootdir}/info'
install_sh='${SHELL} /home/dot2wa2/workspace/libdbus-cplusplus/install-sh'
libdir='${exec_prefix}/lib'
libexecdir='${exec_prefix}/libexec'
localedir='${datarootdir}/locale'
localstatedir='${prefix}/var'
lt_ECHO='echo'
mandir='${datarootdir}/man'
mkdir_p='/bin/mkdir -p'
oldincludedir='/usr/include'
pdfdir='${docdir}'
prefix='NONE'
program_transform_name='s,x,x,'
psdir='${docdir}'
sbindir='${exec_prefix}/sbin'
sharedstatedir='${prefix}/com'
sysconfdir='${prefix}/etc'
target_alias=''
xml_CFLAGS=''
xml_LIBS=''

## ----------- ##
## confdefs.h. ##
## ----------- ##

/* confdefs.h */
#define PACKAGE_NAME "libdbus-c++"
#define PACKAGE_TARNAME "libdbus-c--"
#define PACKAGE_VERSION "0.9.0"
#define PACKAGE_STRING "libdbus-c++ 0.9.0"
#define PACKAGE_BUGREPORT "andreas.volz@tux-style.com"
#define PACKAGE_URL ""
#define PACKAGE "libdbus-c++"
#define VERSION "0.9.0"
#define HAVE_CLOCK_GETTIME 1
#define STDC_HEADERS 1
#define HAVE_SYS_TYPES_H 1
#define HAVE_SYS_STAT_H 1
#define HAVE_STDLIB_H 1
#define HAVE_STRING_H 1
#define HAVE_MEMORY_H 1
#define HAVE_STRINGS_H 1
#define HAVE_INTTYPES_H 1
#define HAVE_STDINT_H 1
#define HAVE_UNISTD_H 1
#define HAVE_DLFCN_H 1
#define LT_OBJDIR ".libs/"
#define GCC_HASCLASSVISIBILITY 1
#define DBUS_HAS_THREADS_INIT_DEFAULT /**/
#define DBUS_HAS_RECURSIVE_MUTEX /**/

configure: exit 1
